nofDIExpected=3800000, sizeof(Node*)=8, sizeof(Node)=144, sizeof(VectorFM<DI>)=16, sizeof(DI)=8, sizeof(std::vector<float>)=24
Starting CMTree::buildTree() piV parT Nobjects:RAN BOM 200000
Finished CMTree::buildTree()
radiusSearchTest btime=10797
starting radiusSearchTest radius=1
starting radiusSearchTest radius=2
starting radiusSearchTest radius=3
starting radiusSearchTest radius=4
starting radiusSearchTest radius=5
nofDIExpected=3800000, sizeof(Node*)=8, sizeof(Node)=144, sizeof(VectorFM<DI>)=16, sizeof(DI)=8, sizeof(std::vector<float>)=24
Starting CMTree::buildTree() piV parT Nobjects:RAN BOM 200000
Finished CMTree::buildTree()
radiusSearchTest btime=11018
starting radiusSearchTest radius=1
starting radiusSearchTest radius=2
starting radiusSearchTest radius=3
starting radiusSearchTest radius=4
starting radiusSearchTest radius=5
nofDIExpected=3800000, sizeof(Node*)=8, sizeof(Node)=144, sizeof(VectorFM<DI>)=16, sizeof(DI)=8, sizeof(std::vector<float>)=24
Starting CMTree::buildTree() piV parT Nobjects:RAN BOM 200000
Finished CMTree::buildTree()
radiusSearchTest btime=10918
starting radiusSearchTest radius=1
starting radiusSearchTest radius=2
starting radiusSearchTest radius=3
starting radiusSearchTest radius=4
starting radiusSearchTest radius=5
nofDIExpected=3800000, sizeof(Node*)=8, sizeof(Node)=144, sizeof(VectorFM<DI>)=16, sizeof(DI)=8, sizeof(std::vector<float>)=24
Starting CMTree::buildTree() piV parT Nobjects:RAN BOM 200000
Finished CMTree::buildTree()
radiusSearchTest btime=11205
starting radiusSearchTest radius=1
starting radiusSearchTest radius=2
starting radiusSearchTest radius=3
starting radiusSearchTest radius=4
starting radiusSearchTest radius=5
nofDIExpected=3800000, sizeof(Node*)=8, sizeof(Node)=144, sizeof(VectorFM<DI>)=16, sizeof(DI)=8, sizeof(std::vector<float>)=24
Starting CMTree::buildTree() piV parT Nobjects:RAN BOM 200000
Finished CMTree::buildTree()
radiusSearchTest btime=11123
starting radiusSearchTest radius=1
starting radiusSearchTest radius=2
starting radiusSearchTest radius=3
starting radiusSearchTest radius=4
starting radiusSearchTest radius=5
nofDIExpected=3800000, sizeof(Node*)=8, sizeof(Node)=144, sizeof(VectorFM<DI>)=16, sizeof(DI)=8, sizeof(std::vector<float>)=24
Starting CMTree::buildTree() piV parT Nobjects:RAN BOM 200000
Finished CMTree::buildTree()
radiusSearchTest btime=11035
starting radiusSearchTest radius=1
starting radiusSearchTest radius=2
starting radiusSearchTest radius=3
starting radiusSearchTest radius=4
starting radiusSearchTest radius=5
nofDIExpected=3800000, sizeof(Node*)=8, sizeof(Node)=144, sizeof(VectorFM<DI>)=16, sizeof(DI)=8, sizeof(std::vector<float>)=24
Starting CMTree::buildTree() piV parT Nobjects:RAN BOM 200000
Finished CMTree::buildTree()
radiusSearchTest btime=11024
starting radiusSearchTest radius=1
starting radiusSearchTest radius=2
starting radiusSearchTest radius=3
starting radiusSearchTest radius=4
starting radiusSearchTest radius=5
nofDIExpected=3800000, sizeof(Node*)=8, sizeof(Node)=144, sizeof(VectorFM<DI>)=16, sizeof(DI)=8, sizeof(std::vector<float>)=24
Starting CMTree::buildTree() piV parT Nobjects:RAN BOM 200000
Finished CMTree::buildTree()
radiusSearchTest btime=10961
starting radiusSearchTest radius=1
starting radiusSearchTest radius=2
starting radiusSearchTest radius=3
starting radiusSearchTest radius=4
starting radiusSearchTest radius=5
nofDIExpected=3800000, sizeof(Node*)=8, sizeof(Node)=144, sizeof(VectorFM<DI>)=16, sizeof(DI)=8, sizeof(std::vector<float>)=24
Starting CMTree::buildTree() piV parT Nobjects:RAN BOM 200000
Finished CMTree::buildTree()
radiusSearchTest btime=11023
starting radiusSearchTest radius=1
starting radiusSearchTest radius=2
starting radiusSearchTest radius=3
starting radiusSearchTest radius=4
starting radiusSearchTest radius=5
nofDIExpected=3800000, sizeof(Node*)=8, sizeof(Node)=144, sizeof(VectorFM<DI>)=16, sizeof(DI)=8, sizeof(std::vector<float>)=24
Starting CMTree::buildTree() piV parT Nobjects:RAN BOM 200000
Finished CMTree::buildTree()
radiusSearchTest btime=10923
starting radiusSearchTest radius=1
starting radiusSearchTest radius=2
starting radiusSearchTest radius=3
starting radiusSearchTest radius=4
starting radiusSearchTest radius=5
